<?xml version="1.0" encoding="UTF-8"?>
<!-- Generated by org.testng.reporters.JUnitReportReporter -->
<testsuite skipped="0" hostname="Ankana_studyPC" name="SeleniumCoding" tests="1" failures="0" timestamp="09 Nov 2017 18:55:19 GMT" time="36.137" errors="0">
  <testcase name="webDriverCommands2" time="36.137" classname="SeleniumCoding"/>
</testsuite> <!-- SeleniumCoding -->
